<?xml version="1.0" encoding="UTF-8"?>
<testsuite xmlns:xsi="http://www.w3.org/2001/XMLSchema-instance" xsi:noNamespaceSchemaLocation="https://maven.apache.org/surefire/maven-surefire-plugin/xsd/surefire-test-report.xsd" name="br.fiap.app.exemplo.ExemploApplicationTests" time="3.828" tests="1" errors="0" skipped="0" failures="0">
  <properties>
    <property name="java.specification.version" value="17"/>
    <property name="sun.cpu.isalist" value="amd64"/>
    <property name="sun.jnu.encoding" value="Cp1252"/>
    <property name="java.class.path" value="C:\Users\!thiago.xavier\Documents\FIAP\exemplo\target\test-classes;C:\Users\!thiago.xavier\Documents\FIAP\exemplo\target\classes;C:\Users\!thiago.xavier\.m2\repository\org\springframework\boot\spring-boot-starter-thymeleaf\3.0.5-SNAPSHOT\spring-boot-starter-thymeleaf-3.0.5-SNAPSHOT.jar;C:\Users\!thiago.xavier\.m2\repository\org\springframework\boot\spring-boot-starter\3.0.5-SNAPSHOT\spring-boot-starter-3.0.5-SNAPSHOT.jar;C:\Users\!thiago.xavier\.m2\repository\org\springframework\boot\spring-boot-starter-logging\3.0.5-SNAPSHOT\spring-boot-starter-logging-3.0.5-SNAPSHOT.jar;C:\Users\!thiago.xavier\.m2\repository\ch\qos\logback\logback-classic\1.4.5\logback-classic-1.4.5.jar;C:\Users\!thiago.xavier\.m2\repository\ch\qos\logback\logback-core\1.4.5\logback-core-1.4.5.jar;C:\Users\!thiago.xavier\.m2\repository\org\apache\logging\log4j\log4j-to-slf4j\2.19.0\log4j-to-slf4j-2.19.0.jar;C:\Users\!thiago.xavier\.m2\repository\org\apache\logging\log4j\log4j-api\2.19.0\log4j-api-2.19.0.jar;C:\Users\!thiago.xavier\.m2\repository\org\slf4j\jul-to-slf4j\2.0.6\jul-to-slf4j-2.0.6.jar;C:\Users\!thiago.xavier\.m2\repository\jakarta\annotation\jakarta.annotation-api\2.1.1\jakarta.annotation-api-2.1.1.jar;C:\Users\!thiago.xavier\.m2\repository\org\yaml\snakeyaml\1.33\snakeyaml-1.33.jar;C:\Users\!thiago.xavier\.m2\repository\org\thymeleaf\thymeleaf-spring6\3.1.1.RELEASE\thymeleaf-spring6-3.1.1.RELEASE.jar;C:\Users\!thiago.xavier\.m2\repository\org\thymeleaf\thymeleaf\3.1.1.RELEASE\thymeleaf-3.1.1.RELEASE.jar;C:\Users\!thiago.xavier\.m2\repository\org\attoparser\attoparser\2.0.6.RELEASE\attoparser-2.0.6.RELEASE.jar;C:\Users\!thiago.xavier\.m2\repository\org\unbescape\unbescape\1.1.6.RELEASE\unbescape-1.1.6.RELEASE.jar;C:\Users\!thiago.xavier\.m2\repository\org\slf4j\slf4j-api\2.0.6\slf4j-api-2.0.6.jar;C:\Users\!thiago.xavier\.m2\repository\org\springframework\boot\spring-boot-starter-web\3.0.5-SNAPSHOT\spring-boot-starter-web-3.0.5-SNAPSHOT.jar;C:\Users\!thiago.xavier\.m2\repository\org\springframework\boot\spring-boot-starter-json\3.0.5-SNAPSHOT\spring-boot-starter-json-3.0.5-SNAPSHOT.jar;C:\Users\!thiago.xavier\.m2\repository\com\fasterxml\jackson\core\jackson-databind\2.14.2\jackson-databind-2.14.2.jar;C:\Users\!thiago.xavier\.m2\repository\com\fasterxml\jackson\core\jackson-annotations\2.14.2\jackson-annotations-2.14.2.jar;C:\Users\!thiago.xavier\.m2\repository\com\fasterxml\jackson\core\jackson-core\2.14.2\jackson-core-2.14.2.jar;C:\Users\!thiago.xavier\.m2\repository\com\fasterxml\jackson\datatype\jackson-datatype-jdk8\2.14.2\jackson-datatype-jdk8-2.14.2.jar;C:\Users\!thiago.xavier\.m2\repository\com\fasterxml\jackson\datatype\jackson-datatype-jsr310\2.14.2\jackson-datatype-jsr310-2.14.2.jar;C:\Users\!thiago.xavier\.m2\repository\com\fasterxml\jackson\module\jackson-module-parameter-names\2.14.2\jackson-module-parameter-names-2.14.2.jar;C:\Users\!thiago.xavier\.m2\repository\org\springframework\boot\spring-boot-starter-tomcat\3.0.5-SNAPSHOT\spring-boot-starter-tomcat-3.0.5-SNAPSHOT.jar;C:\Users\!thiago.xavier\.m2\repository\org\apache\tomcat\embed\tomcat-embed-core\10.1.5\tomcat-embed-core-10.1.5.jar;C:\Users\!thiago.xavier\.m2\repository\org\apache\tomcat\embed\tomcat-embed-el\10.1.5\tomcat-embed-el-10.1.5.jar;C:\Users\!thiago.xavier\.m2\repository\org\apache\tomcat\embed\tomcat-embed-websocket\10.1.5\tomcat-embed-websocket-10.1.5.jar;C:\Users\!thiago.xavier\.m2\repository\org\springframework\spring-web\6.0.6\spring-web-6.0.6.jar;C:\Users\!thiago.xavier\.m2\repository\org\springframework\spring-beans\6.0.6\spring-beans-6.0.6.jar;C:\Users\!thiago.xavier\.m2\repository\io\micrometer\micrometer-observation\1.10.4\micrometer-observation-1.10.4.jar;C:\Users\!thiago.xavier\.m2\repository\io\micrometer\micrometer-commons\1.10.4\micrometer-commons-1.10.4.jar;C:\Users\!thiago.xavier\.m2\repository\org\springframework\spring-webmvc\6.0.6\spring-webmvc-6.0.6.jar;C:\Users\!thiago.xavier\.m2\repository\org\springframework\spring-aop\6.0.6\spring-aop-6.0.6.jar;C:\Users\!thiago.xavier\.m2\repository\org\springframework\spring-context\6.0.6\spring-context-6.0.6.jar;C:\Users\!thiago.xavier\.m2\repository\org\springframework\spring-expression\6.0.6\spring-expression-6.0.6.jar;C:\Users\!thiago.xavier\.m2\repository\org\springframework\boot\spring-boot-devtools\3.0.5-SNAPSHOT\spring-boot-devtools-3.0.5-SNAPSHOT.jar;C:\Users\!thiago.xavier\.m2\repository\org\springframework\boot\spring-boot\3.0.5-SNAPSHOT\spring-boot-3.0.5-SNAPSHOT.jar;C:\Users\!thiago.xavier\.m2\repository\org\springframework\boot\spring-boot-autoconfigure\3.0.5-SNAPSHOT\spring-boot-autoconfigure-3.0.5-SNAPSHOT.jar;C:\Users\!thiago.xavier\.m2\repository\org\springframework\boot\spring-boot-starter-test\3.0.5-SNAPSHOT\spring-boot-starter-test-3.0.5-SNAPSHOT.jar;C:\Users\!thiago.xavier\.m2\repository\org\springframework\boot\spring-boot-test\3.0.5-SNAPSHOT\spring-boot-test-3.0.5-SNAPSHOT.jar;C:\Users\!thiago.xavier\.m2\repository\org\springframework\boot\spring-boot-test-autoconfigure\3.0.5-SNAPSHOT\spring-boot-test-autoconfigure-3.0.5-SNAPSHOT.jar;C:\Users\!thiago.xavier\.m2\repository\com\jayway\jsonpath\json-path\2.7.0\json-path-2.7.0.jar;C:\Users\!thiago.xavier\.m2\repository\net\minidev\json-smart\2.4.8\json-smart-2.4.8.jar;C:\Users\!thiago.xavier\.m2\repository\net\minidev\accessors-smart\2.4.8\accessors-smart-2.4.8.jar;C:\Users\!thiago.xavier\.m2\repository\org\ow2\asm\asm\9.1\asm-9.1.jar;C:\Users\!thiago.xavier\.m2\repository\jakarta\xml\bind\jakarta.xml.bind-api\4.0.0\jakarta.xml.bind-api-4.0.0.jar;C:\Users\!thiago.xavier\.m2\repository\jakarta\activation\jakarta.activation-api\2.1.1\jakarta.activation-api-2.1.1.jar;C:\Users\!thiago.xavier\.m2\repository\org\assertj\assertj-core\3.23.1\assertj-core-3.23.1.jar;C:\Users\!thiago.xavier\.m2\repository\net\bytebuddy\byte-buddy\1.12.23\byte-buddy-1.12.23.jar;C:\Users\!thiago.xavier\.m2\repository\org\hamcrest\hamcrest\2.2\hamcrest-2.2.jar;C:\Users\!thiago.xavier\.m2\repository\org\junit\jupiter\junit-jupiter\5.9.2\junit-jupiter-5.9.2.jar;C:\Users\!thiago.xavier\.m2\repository\org\junit\jupiter\junit-jupiter-api\5.9.2\junit-jupiter-api-5.9.2.jar;C:\Users\!thiago.xavier\.m2\repository\org\opentest4j\opentest4j\1.2.0\opentest4j-1.2.0.jar;C:\Users\!thiago.xavier\.m2\repository\org\junit\platform\junit-platform-commons\1.9.2\junit-platform-commons-1.9.2.jar;C:\Users\!thiago.xavier\.m2\repository\org\apiguardian\apiguardian-api\1.1.2\apiguardian-api-1.1.2.jar;C:\Users\!thiago.xavier\.m2\repository\org\junit\jupiter\junit-jupiter-params\5.9.2\junit-jupiter-params-5.9.2.jar;C:\Users\!thiago.xavier\.m2\repository\org\junit\jupiter\junit-jupiter-engine\5.9.2\junit-jupiter-engine-5.9.2.jar;C:\Users\!thiago.xavier\.m2\repository\org\junit\platform\junit-platform-engine\1.9.2\junit-platform-engine-1.9.2.jar;C:\Users\!thiago.xavier\.m2\repository\org\mockito\mockito-core\4.8.1\mockito-core-4.8.1.jar;C:\Users\!thiago.xavier\.m2\repository\net\bytebuddy\byte-buddy-agent\1.12.23\byte-buddy-agent-1.12.23.jar;C:\Users\!thiago.xavier\.m2\repository\org\objenesis\objenesis\3.2\objenesis-3.2.jar;C:\Users\!thiago.xavier\.m2\repository\org\mockito\mockito-junit-jupiter\4.8.1\mockito-junit-jupiter-4.8.1.jar;C:\Users\!thiago.xavier\.m2\repository\org\skyscreamer\jsonassert\1.5.1\jsonassert-1.5.1.jar;C:\Users\!thiago.xavier\.m2\repository\com\vaadin\external\google\android-json\0.0.20131108.vaadin1\android-json-0.0.20131108.vaadin1.jar;C:\Users\!thiago.xavier\.m2\repository\org\springframework\spring-core\6.0.6\spring-core-6.0.6.jar;C:\Users\!thiago.xavier\.m2\repository\org\springframework\spring-jcl\6.0.6\spring-jcl-6.0.6.jar;C:\Users\!thiago.xavier\.m2\repository\org\springframework\spring-test\6.0.6\spring-test-6.0.6.jar;C:\Users\!thiago.xavier\.m2\repository\org\xmlunit\xmlunit-core\2.9.1\xmlunit-core-2.9.1.jar;"/>
    <property name="java.vm.vendor" value="Eclipse Adoptium"/>
    <property name="sun.arch.data.model" value="64"/>
    <property name="user.variant" value=""/>
    <property name="java.vendor.url" value="https://adoptium.net/"/>
    <property name="user.timezone" value="America/Sao_Paulo"/>
    <property name="os.name" value="Windows 10"/>
    <property name="java.vm.specification.version" value="17"/>
    <property name="sun.java.launcher" value="SUN_STANDARD"/>
    <property name="user.country" value="BR"/>
    <property name="sun.boot.library.path" value="C:\Users\!thiago.xavier\.p2\pool\plugins\org.eclipse.justj.openjdk.hotspot.jre.full.win32.x86_64_17.0.6.v20230204-1729\jre\bin"/>
    <property name="sun.java.command" value="C:\Users\!THIAG~1.XAV\AppData\Local\Temp\surefire8432601431409090574\surefirebooter6449606511220254426.jar C:\Users\!thiago.xavier\AppData\Local\Temp\surefire8432601431409090574 2023-03-08T20-22-48_906-jvmRun1 surefire1059267961224839672tmp surefire_017659785628695591036tmp"/>
    <property name="jdk.debug" value="release"/>
    <property name="surefire.test.class.path" value="C:\Users\!thiago.xavier\Documents\FIAP\exemplo\target\test-classes;C:\Users\!thiago.xavier\Documents\FIAP\exemplo\target\classes;C:\Users\!thiago.xavier\.m2\repository\org\springframework\boot\spring-boot-starter-thymeleaf\3.0.5-SNAPSHOT\spring-boot-starter-thymeleaf-3.0.5-SNAPSHOT.jar;C:\Users\!thiago.xavier\.m2\repository\org\springframework\boot\spring-boot-starter\3.0.5-SNAPSHOT\spring-boot-starter-3.0.5-SNAPSHOT.jar;C:\Users\!thiago.xavier\.m2\repository\org\springframework\boot\spring-boot-starter-logging\3.0.5-SNAPSHOT\spring-boot-starter-logging-3.0.5-SNAPSHOT.jar;C:\Users\!thiago.xavier\.m2\repository\ch\qos\logback\logback-classic\1.4.5\logback-classic-1.4.5.jar;C:\Users\!thiago.xavier\.m2\repository\ch\qos\logback\logback-core\1.4.5\logback-core-1.4.5.jar;C:\Users\!thiago.xavier\.m2\repository\org\apache\logging\log4j\log4j-to-slf4j\2.19.0\log4j-to-slf4j-2.19.0.jar;C:\Users\!thiago.xavier\.m2\repository\org\apache\logging\log4j\log4j-api\2.19.0\log4j-api-2.19.0.jar;C:\Users\!thiago.xavier\.m2\repository\org\slf4j\jul-to-slf4j\2.0.6\jul-to-slf4j-2.0.6.jar;C:\Users\!thiago.xavier\.m2\repository\jakarta\annotation\jakarta.annotation-api\2.1.1\jakarta.annotation-api-2.1.1.jar;C:\Users\!thiago.xavier\.m2\repository\org\yaml\snakeyaml\1.33\snakeyaml-1.33.jar;C:\Users\!thiago.xavier\.m2\repository\org\thymeleaf\thymeleaf-spring6\3.1.1.RELEASE\thymeleaf-spring6-3.1.1.RELEASE.jar;C:\Users\!thiago.xavier\.m2\repository\org\thymeleaf\thymeleaf\3.1.1.RELEASE\thymeleaf-3.1.1.RELEASE.jar;C:\Users\!thiago.xavier\.m2\repository\org\attoparser\attoparser\2.0.6.RELEASE\attoparser-2.0.6.RELEASE.jar;C:\Users\!thiago.xavier\.m2\repository\org\unbescape\unbescape\1.1.6.RELEASE\unbescape-1.1.6.RELEASE.jar;C:\Users\!thiago.xavier\.m2\repository\org\slf4j\slf4j-api\2.0.6\slf4j-api-2.0.6.jar;C:\Users\!thiago.xavier\.m2\repository\org\springframework\boot\spring-boot-starter-web\3.0.5-SNAPSHOT\spring-boot-starter-web-3.0.5-SNAPSHOT.jar;C:\Users\!thiago.xavier\.m2\repository\org\springframework\boot\spring-boot-starter-json\3.0.5-SNAPSHOT\spring-boot-starter-json-3.0.5-SNAPSHOT.jar;C:\Users\!thiago.xavier\.m2\repository\com\fasterxml\jackson\core\jackson-databind\2.14.2\jackson-databind-2.14.2.jar;C:\Users\!thiago.xavier\.m2\repository\com\fasterxml\jackson\core\jackson-annotations\2.14.2\jackson-annotations-2.14.2.jar;C:\Users\!thiago.xavier\.m2\repository\com\fasterxml\jackson\core\jackson-core\2.14.2\jackson-core-2.14.2.jar;C:\Users\!thiago.xavier\.m2\repository\com\fasterxml\jackson\datatype\jackson-datatype-jdk8\2.14.2\jackson-datatype-jdk8-2.14.2.jar;C:\Users\!thiago.xavier\.m2\repository\com\fasterxml\jackson\datatype\jackson-datatype-jsr310\2.14.2\jackson-datatype-jsr310-2.14.2.jar;C:\Users\!thiago.xavier\.m2\repository\com\fasterxml\jackson\module\jackson-module-parameter-names\2.14.2\jackson-module-parameter-names-2.14.2.jar;C:\Users\!thiago.xavier\.m2\repository\org\springframework\boot\spring-boot-starter-tomcat\3.0.5-SNAPSHOT\spring-boot-starter-tomcat-3.0.5-SNAPSHOT.jar;C:\Users\!thiago.xavier\.m2\repository\org\apache\tomcat\embed\tomcat-embed-core\10.1.5\tomcat-embed-core-10.1.5.jar;C:\Users\!thiago.xavier\.m2\repository\org\apache\tomcat\embed\tomcat-embed-el\10.1.5\tomcat-embed-el-10.1.5.jar;C:\Users\!thiago.xavier\.m2\repository\org\apache\tomcat\embed\tomcat-embed-websocket\10.1.5\tomcat-embed-websocket-10.1.5.jar;C:\Users\!thiago.xavier\.m2\repository\org\springframework\spring-web\6.0.6\spring-web-6.0.6.jar;C:\Users\!thiago.xavier\.m2\repository\org\springframework\spring-beans\6.0.6\spring-beans-6.0.6.jar;C:\Users\!thiago.xavier\.m2\repository\io\micrometer\micrometer-observation\1.10.4\micrometer-observation-1.10.4.jar;C:\Users\!thiago.xavier\.m2\repository\io\micrometer\micrometer-commons\1.10.4\micrometer-commons-1.10.4.jar;C:\Users\!thiago.xavier\.m2\repository\org\springframework\spring-webmvc\6.0.6\spring-webmvc-6.0.6.jar;C:\Users\!thiago.xavier\.m2\repository\org\springframework\spring-aop\6.0.6\spring-aop-6.0.6.jar;C:\Users\!thiago.xavier\.m2\repository\org\springframework\spring-context\6.0.6\spring-context-6.0.6.jar;C:\Users\!thiago.xavier\.m2\repository\org\springframework\spring-expression\6.0.6\spring-expression-6.0.6.jar;C:\Users\!thiago.xavier\.m2\repository\org\springframework\boot\spring-boot-devtools\3.0.5-SNAPSHOT\spring-boot-devtools-3.0.5-SNAPSHOT.jar;C:\Users\!thiago.xavier\.m2\repository\org\springframework\boot\spring-boot\3.0.5-SNAPSHOT\spring-boot-3.0.5-SNAPSHOT.jar;C:\Users\!thiago.xavier\.m2\repository\org\springframework\boot\spring-boot-autoconfigure\3.0.5-SNAPSHOT\spring-boot-autoconfigure-3.0.5-SNAPSHOT.jar;C:\Users\!thiago.xavier\.m2\repository\org\springframework\boot\spring-boot-starter-test\3.0.5-SNAPSHOT\spring-boot-starter-test-3.0.5-SNAPSHOT.jar;C:\Users\!thiago.xavier\.m2\repository\org\springframework\boot\spring-boot-test\3.0.5-SNAPSHOT\spring-boot-test-3.0.5-SNAPSHOT.jar;C:\Users\!thiago.xavier\.m2\repository\org\springframework\boot\spring-boot-test-autoconfigure\3.0.5-SNAPSHOT\spring-boot-test-autoconfigure-3.0.5-SNAPSHOT.jar;C:\Users\!thiago.xavier\.m2\repository\com\jayway\jsonpath\json-path\2.7.0\json-path-2.7.0.jar;C:\Users\!thiago.xavier\.m2\repository\net\minidev\json-smart\2.4.8\json-smart-2.4.8.jar;C:\Users\!thiago.xavier\.m2\repository\net\minidev\accessors-smart\2.4.8\accessors-smart-2.4.8.jar;C:\Users\!thiago.xavier\.m2\repository\org\ow2\asm\asm\9.1\asm-9.1.jar;C:\Users\!thiago.xavier\.m2\repository\jakarta\xml\bind\jakarta.xml.bind-api\4.0.0\jakarta.xml.bind-api-4.0.0.jar;C:\Users\!thiago.xavier\.m2\repository\jakarta\activation\jakarta.activation-api\2.1.1\jakarta.activation-api-2.1.1.jar;C:\Users\!thiago.xavier\.m2\repository\org\assertj\assertj-core\3.23.1\assertj-core-3.23.1.jar;C:\Users\!thiago.xavier\.m2\repository\net\bytebuddy\byte-buddy\1.12.23\byte-buddy-1.12.23.jar;C:\Users\!thiago.xavier\.m2\repository\org\hamcrest\hamcrest\2.2\hamcrest-2.2.jar;C:\Users\!thiago.xavier\.m2\repository\org\junit\jupiter\junit-jupiter\5.9.2\junit-jupiter-5.9.2.jar;C:\Users\!thiago.xavier\.m2\repository\org\junit\jupiter\junit-jupiter-api\5.9.2\junit-jupiter-api-5.9.2.jar;C:\Users\!thiago.xavier\.m2\repository\org\opentest4j\opentest4j\1.2.0\opentest4j-1.2.0.jar;C:\Users\!thiago.xavier\.m2\repository\org\junit\platform\junit-platform-commons\1.9.2\junit-platform-commons-1.9.2.jar;C:\Users\!thiago.xavier\.m2\repository\org\apiguardian\apiguardian-api\1.1.2\apiguardian-api-1.1.2.jar;C:\Users\!thiago.xavier\.m2\repository\org\junit\jupiter\junit-jupiter-params\5.9.2\junit-jupiter-params-5.9.2.jar;C:\Users\!thiago.xavier\.m2\repository\org\junit\jupiter\junit-jupiter-engine\5.9.2\junit-jupiter-engine-5.9.2.jar;C:\Users\!thiago.xavier\.m2\repository\org\junit\platform\junit-platform-engine\1.9.2\junit-platform-engine-1.9.2.jar;C:\Users\!thiago.xavier\.m2\repository\org\mockito\mockito-core\4.8.1\mockito-core-4.8.1.jar;C:\Users\!thiago.xavier\.m2\repository\net\bytebuddy\byte-buddy-agent\1.12.23\byte-buddy-agent-1.12.23.jar;C:\Users\!thiago.xavier\.m2\repository\org\objenesis\objenesis\3.2\objenesis-3.2.jar;C:\Users\!thiago.xavier\.m2\repository\org\mockito\mockito-junit-jupiter\4.8.1\mockito-junit-jupiter-4.8.1.jar;C:\Users\!thiago.xavier\.m2\repository\org\skyscreamer\jsonassert\1.5.1\jsonassert-1.5.1.jar;C:\Users\!thiago.xavier\.m2\repository\com\vaadin\external\google\android-json\0.0.20131108.vaadin1\android-json-0.0.20131108.vaadin1.jar;C:\Users\!thiago.xavier\.m2\repository\org\springframework\spring-core\6.0.6\spring-core-6.0.6.jar;C:\Users\!thiago.xavier\.m2\repository\org\springframework\spring-jcl\6.0.6\spring-jcl-6.0.6.jar;C:\Users\!thiago.xavier\.m2\repository\org\springframework\spring-test\6.0.6\spring-test-6.0.6.jar;C:\Users\!thiago.xavier\.m2\repository\org\xmlunit\xmlunit-core\2.9.1\xmlunit-core-2.9.1.jar;"/>
    <property name="sun.cpu.endian" value="little"/>
    <property name="user.home" value="C:\Users\!thiago.xavier"/>
    <property name="user.language" value="pt"/>
    <property name="java.specification.vendor" value="Oracle Corporation"/>
    <property name="java.version.date" value="2023-01-17"/>
    <property name="java.home" value="C:\Users\!thiago.xavier\.p2\pool\plugins\org.eclipse.justj.openjdk.hotspot.jre.full.win32.x86_64_17.0.6.v20230204-1729\jre"/>
    <property name="file.separator" value="\"/>
    <property name="style.color" value="always"/>
    <property name="basedir" value="C:\Users\!thiago.xavier\Documents\FIAP\exemplo"/>
    <property name="java.vm.compressedOopsMode" value="32-bit"/>
    <property name="line.separator" value="&#10;"/>
    <property name="java.vm.specification.vendor" value="Oracle Corporation"/>
    <property name="java.specification.name" value="Java Platform API Specification"/>
    <property name="surefire.real.class.path" value="C:\Users\!THIAG~1.XAV\AppData\Local\Temp\surefire8432601431409090574\surefirebooter6449606511220254426.jar"/>
    <property name="user.script" value=""/>
    <property name="sun.management.compiler" value="HotSpot 64-Bit Tiered Compilers"/>
    <property name="java.runtime.version" value="17.0.6+10"/>
    <property name="user.name" value="!thiago.xavier"/>
    <property name="path.separator" value=";"/>
    <property name="os.version" value="10.0"/>
    <property name="java.runtime.name" value="OpenJDK Runtime Environment"/>
    <property name="file.encoding" value="Cp1252"/>
    <property name="java.vm.name" value="OpenJDK 64-Bit Server VM"/>
    <property name="java.vendor.version" value="Temurin-17.0.6+10"/>
    <property name="localRepository" value="C:\Users\!thiago.xavier\.m2\repository"/>
    <property name="java.vendor.url.bug" value="https://github.com/adoptium/adoptium-support/issues"/>
    <property name="java.io.tmpdir" value="C:\Users\!THIAG~1.XAV\AppData\Local\Temp\"/>
    <property name="java.version" value="17.0.6"/>
    <property name="user.dir" value="C:\Users\!thiago.xavier\Documents\FIAP\exemplo"/>
    <property name="os.arch" value="amd64"/>
    <property name="java.vm.specification.name" value="Java Virtual Machine Specification"/>
    <property name="sun.os.patch.level" value=""/>
    <property name="native.encoding" value="Cp1252"/>
    <property name="java.library.path" value="C:\Users\!thiago.xavier\.p2\pool\plugins\org.eclipse.justj.openjdk.hotspot.jre.full.win32.x86_64_17.0.6.v20230204-1729\jre\bin;C:\Windows\Sun\Java\bin;C:\Windows\system32;C:\Windows;C:/Users/!thiago.xavier/.p2/pool/plugins/org.eclipse.justj.openjdk.hotspot.jre.full.win32.x86_64_17.0.6.v20230204-1729/jre/bin/server;C:/Users/!thiago.xavier/.p2/pool/plugins/org.eclipse.justj.openjdk.hotspot.jre.full.win32.x86_64_17.0.6.v20230204-1729/jre/bin;C:\Program Files\Common Files\Oracle\Java\javapath;C:\Program Files (x86)\Common Files\Oracle\Java\javapath;C:\Windows\system32;C:\Windows;C:\Windows\System32\Wbem;C:\Windows\System32\WindowsPowerShell\v1.0\;C:\Windows\System32\OpenSSH\;C:\Windows\CCM;C:\Program Files (x86)\Kaspersky Lab\Endpoint Agent\;C:\Program Files\nodejs\;C:\Users\!thiago.xavier\AppData\Local\Microsoft\WindowsApps;;C:\Users\!thiago.xavier\Desktop;;."/>
    <property name="java.vm.info" value="mixed mode"/>
    <property name="java.vendor" value="Eclipse Adoptium"/>
    <property name="java.vm.version" value="17.0.6+10"/>
    <property name="sun.io.unicode.encoding" value="UnicodeLittle"/>
    <property name="java.class.version" value="61.0"/>
  </properties>
  <testcase name="contextLoads" classname="br.fiap.app.exemplo.ExemploApplicationTests" time="0.537"/>
</testsuite>